b386946a5a44d1ddcc843bc75336dfce,Dridex
8991a387e4cc841740f25d6f5139f92d,Adware
cb98a24ee4b9134448ffb5714fd870ac,Dridex
1aa7bf8b97e540ca5edd75f7b8384bfa,TrickBot
3d89c0dfb1fa44911b8fa7523ef8dedb,Adware
bc6c386f480ee97b9d9e52d472b772d8,Adware
8f52d1ce303fb4a6515836aec3cc16b1,TrickBot
d6f04b5a910115f4b50ecec09d40a1df,Dridex
35c0a31c481927f022a3b530255ac080,Tofsee
e330bca99c8a5256ae126a55c4c725c5,Adware
d551fafc4f40f1dec2bb45980bfa9492,Adware
83e04bc58d402f9633983cbf22724b02,Adware
b8f81673c0e1d29908346f3bab892b9b,Adware
70722097d1fe1d78d8c2164640ab6df4,Tofsee
9c2589e1c0e9f533a022c6205f9719e1,Adware
849b04bdbd1d2b983f6e8a457e0632a8,Adware
16efcf0e00504ddfedde13bfea997952,Adware
4d7a28d6f2263ed61de88ca66eb011e3,Tofsee
550dce18de1bb143e69d6dd9413b8355,Adware
c50f6a8b9173676b47ba6085bd0c6cee,TrickBot
590a232d04d56409fab72e752a8a2634,Tofsee
51a7ad14509fd614c7bb3a50c4982b8c,JBifrost
96eba628dcb2b47607192ba74a3b55ba,Tofsee
df5c30e670dba99f9270ed36060cf054,Tofsee
098f55e27d8c4b0a590102cbdb3a5f3a,Adware
29085f03f8e8a03f0b399c5c7cf0b0b8,Adware
46efd49abcca8ea9baa932da68fdb529,Adware
d7150af4514b868defb854db0f62a441,Tofsee
03e186a7f83285e93341de478334006e,Tofsee
3cda52da4ade09f1f781ad2e82dcfa20,Quakbot
b13d01846ad7a14a70bf030a16775c78,Adware
1543a7c46633acf71e8401baccbd0568,Tofsee
1d095e68489d3c535297cd8dffb06cb9,Tofsee
698e36219f3979420fa2581b21dac7ec,Adware
93d056782d649deb51cda44ecb714bb0,Adware
1712287800ac91b34cadd5884ce85568,TorrentLocker
5e573c9c9f8ba720ef9b18e9fce2e2f7,Adware
f6fd83a21f9f3c5f9ff7b5c63bbc179d,Adware
92579701f145605e9edc0b01a901c6d5,Adware
a61299f9b501adcf680b9275d79d4ac6,Tofsee
b2b61db7b9490a60d270ccb20b462826,Adware
7dcce5b76c8b17472d024758970a406b,Tofsee
534ce2dbc413c68e908363b5df0ae5e0,TrickBot
fb00055a1196aeea8d1bc609885ba953,TrickBot
a50a861119aceb0ccc74902e8fddb618,Tofsee
e7643725fcff971e3051fe0e47fc2c71,Tofsee
7c410ce832e848a3321432c9a82e972b,Tofsee
da949afd9bd6df820730f8f171584a71,Tofsee
906004246f3ba5e755b043c057254a29,Tofsee
fd80fa9c6120cdeea8520510f3c644ac,Tofsee
b90bdbe961a648f0427db21aaa6ccb59,Tofsee
1fe4c7a3544eb27afec2adfb3a3dbf60,Tofsee
c201b92f8b483fa388be174d6689f534,Gozi
9f62c4f26b90d3d757bea609e82f2eaf,Tofsee
1be3ecebe5aa9d3654e6e703d81f6928,Ransomware.Troldesh
e3b2ab1f9a56f2fb4c9248f2f41631fa,Tofsee
dff8a0aa1c904aaea76c5bf624e88333,Tofsee
17fd49722f8d11f3d76dce84f8e099a7,Tofsee
911479ac8a0813ed1241b3686ccdade9,Tofsee
c5deb9465d47232dd48772f9c4d14679,Tofsee
f22bdd57e3a52de86cda40da2d84e83b,Tofsee
d18a4da84af59e1108862a39bae7c9d4,Tofsee
2d8794cb7b52b777bee2695e79c15760,Ransomware
40adfd923eb82b89d8836ba37a19bca1,CoinMiner
1aee0238942d453d679fc1e37a303387,Tofsee
2092e1fffb45d7e4a19a57f9bc5e203a,Adware
bffa4501966196d3d6e90cee1f88fc89,Tofsee
807fca46d9d0cf63adf4e5e80e414bbe,Tofsee
fb58831f892190644fe44e25bc830b45,Adware
0cc1e84568e471aa1d62ad4158ade6b5,Tofsee
d2935c58fe676744fecc8614ee5356c7,Adwind
8916410db85077a5460817142dcbc8de,TrickBot
c5235d3a8b9934b7fbbd204d50bc058d,Gootkit
57f3642b4e37e28f5cbe3020c9331b4c,Gozi
e62a5f4d538cbf169c2af71bec2399b4,TrickBot
51c64c77e60f3980eea90869b68c58a8,Dridex
7691297bcb20a41233fd0a0baa0a3628,Adware
7dd50e112cd23734a310b90f6f44a7cd,Quakbot
52c7396a501e4fecbdfa99c5408334ac,Tofsee
fc54e0d16d9764783542f0146a98b300,AsyncRAT
f735bbc6b69723b9df7b0e7ef27872af,TrickBot
49ed2ef3f1321e5f044f1e71b0e6fdd5,TrickBot
d76ee64fb7273733cbe455ac81c292e6,Tofsee
8f6c918dcb585ebbea05e2cc94530e3d,Tofsee
34f14a69ad7009ca5863379218af17f3,Tofsee
c2b4710c6888a5d47befe865c8e6fb19,Tofsee
decfb48a53789ebe081b88aabb58ee34,Adwind
08a8a4e85b25ac42e1490bc85cfdb5ce,Tofsee
c0220cd64849a629397a9cb68f78a0ea,Tofsee
70a04365be5bbd4653698bebeb43ce68,Tofsee
d81d654effb94714a4086734fa0adad9,Tofsee
25d74b7b4b779eb1efd4b31d26d651c6,Tofsee
fc2299d5b2964cd242c5a2c8c531a5f0,Tofsee
32926ca3e59f0413d0b98725454594f5,Tofsee
ffefafdb86336d057eda5fdf02b3d5ce,Tofsee
8515076cbbca9dce33151b798f782456,BitRAT